[    0.000000] Linux version 4.15.0-51-generic (buildd@lgw01-amd64-059) (gcc version 7.3.0 (Ubuntu 7.3.0-16ubuntu3)) #55-Ubuntu SMP Wed May 15 14:27:21 UTC 2019 (Ubuntu 4.15.0-51.55-generic 4.15.18)
[    0.000000] Command line: BOOT_IMAGE=/boot/vmlinuz-4.15.0-51-generic root=LABEL=cloudimg-rootfs ro console=tty1 console=ttyS0
[    0.000000] KERNEL supported cpus:
[    0.000000]   Intel GenuineIntel
[    0.000000]   AMD AuthenticAMD
[    0.000000]   Centaur CentaurHauls
[    0.000000] x86/fpu: Supporting XSAVE feature 0x001: 'x87 floating point registers'
[    0.000000] x86/fpu: Supporting XSAVE feature 0x002: 'SSE registers'
[    0.000000] x86/fpu: Supporting XSAVE feature 0x004: 'AVX registers'
[    0.000000] x86/fpu: xstate_offset[2]:  576, xstate_sizes[2]:  256
[    0.000000] x86/fpu: Enabled xstate features 0x7, context size is 832 bytes, using 'standard' format.
[    0.000000] e820: BIOS-provided physical RAM map:
[    0.000000] BIOS-e820: [mem 0x0000000000000000-0x000000000009fbff] usable
[    0.000000] BIOS-e820: [mem 0x000000000009fc00-0x000000000009ffff] reserved
[    0.000000] BIOS-e820: [mem 0x00000000000f0000-0x00000000000fffff] reserved
[    0.000000] BIOS-e820: [mem 0x0000000000100000-0x000000003ffeffff] usable
[    0.000000] BIOS-e820: [mem 0x000000003fff0000-0x000000003fffffff] ACPI data
[    0.000000] BIOS-e820: [mem 0x00000000fec00000-0x00000000fec00fff] reserved
[    0.000000] BIOS-e820: [mem 0x00000000fee00000-0x00000000fee00fff] reserved
[    0.000000] BIOS-e820: [mem 0x00000000fffc0000-0x00000000ffffffff] reserved
[    0.000000] NX (Execute Disable) protection: active
[    0.000000] SMBIOS 2.5 present.
[    0.000000] DMI: innotek GmbH VirtualBox/VirtualBox, BIOS VirtualBox 12/01/2006
[    0.000000] Hypervisor detected: KVM
[    0.000000] e820: last_pfn = 0x3fff0 max_arch_pfn = 0x400000000
[    0.000000] MTRR: Disabled
[    0.000000] x86/PAT: MTRRs disabled, skipping PAT initialization too.
[    0.000000] CPU MTRRs all blank - virtualized system.
[    0.000000] x86/PAT: Configuration [0-7]: WB  WT  UC- UC  WB  WT  UC- UC  
[    0.000000] found SMP MP-table at [mem 0x0009fff0-0x0009ffff] mapped at [        (ptrval)]
[    0.000000] Scanning 1 areas for low memory corruption
[    0.000000] RAMDISK: [mem 0x35a95000-0x36d41fff]
[    0.000000] ACPI: Early table checksum verification disabled
[    0.000000] ACPI: RSDP 0x00000000000E0000 000024 (v02 VBOX  )
[    0.000000] ACPI: XSDT 0x000000003FFF0030 00003C (v01 VBOX   VBOXXSDT 00000001 ASL  00000061)
[    0.000000] ACPI: FACP 0x000000003FFF00F0 0000F4 (v04 VBOX   VBOXFACP 00000001 ASL  00000061)
[    0.000000] ACPI: DSDT 0x000000003FFF0470 0022EA (v02 VBOX   VBOXBIOS 00000002 INTL 20190509)
[    0.000000] ACPI: FACS 0x000000003FFF0200 000040
[    0.000000] ACPI: FACS 0x000000003FFF0200 000040
[    0.000000] ACPI: APIC 0x000000003FFF0240 00005C (v02 VBOX   VBOXAPIC 00000001 ASL  00000061)
[    0.000000] ACPI: SSDT 0x000000003FFF02A0 0001CC (v01 VBOX   VBOXCPUT 00000002 INTL 20190509)
[    0.000000] No NUMA configuration found
[    0.000000] Faking a node at [mem 0x0000000000000000-0x000000003ffeffff]
[    0.000000] NODE_DATA(0) allocated [mem 0x3ffc5000-0x3ffeffff]
[    0.000000] kvm-clock: cpu 0, msr 0:3ff44001, primary cpu clock
[    0.000000] kvm-clock: Using msrs 4b564d01 and 4b564d00
[    0.000000] kvm-clock: using sched offset of 3557602423 cycles
[    0.000000] clocksource: kvm-clock: mask: 0xffffffffffffffff max_cycles: 0x1cd42e4dffb, max_idle_ns: 881590591483 ns
[    0.000000] Zone ranges:
[    0.000000]   DMA      [mem 0x0000000000001000-0x0000000000ffffff]
[    0.000000]   DMA32    [mem 0x0000000001000000-0x000000003ffeffff]
[    0.000000]   Normal   empty
[    0.000000]   Device   empty
[    0.000000] Movable zone start for each node
[    0.000000] Early memory node ranges
[    0.000000]   node   0: [mem 0x0000000000001000-0x000000000009efff]
[    0.000000]   node   0: [mem 0x0000000000100000-0x000000003ffeffff]
[    0.000000] Reserved but unavailable: 114 pages
[    0.000000] Initmem setup node 0 [mem 0x0000000000001000-0x000000003ffeffff]
[    0.000000] ACPI: PM-Timer IO Port: 0x4008
[    0.000000] IOAPIC[0]: apic_id 2, version 32, address 0xfec00000, GSI 0-23
[    0.000000] ACPI: INT_SRC_OVR (bus 0 bus_irq 0 global_irq 2 dfl dfl)
[    0.000000] ACPI: INT_SRC_OVR (bus 0 bus_irq 9 global_irq 9 low level)
[    0.000000] Using ACPI (MADT) for SMP configuration information
[    0.000000] smpboot: Allowing 2 CPUs, 0 hotplug CPUs
[    0.000000] PM: Registered nosave memory: [mem 0x00000000-0x00000fff]
[    0.000000] PM: Registered nosave memory: [mem 0x0009f000-0x0009ffff]
[    0.000000] PM: Registered nosave memory: [mem 0x000a0000-0x000effff]
[    0.000000] PM: Registered nosave memory: [mem 0x000f0000-0x000fffff]
[    0.000000] e820: [mem 0x40000000-0xfebfffff] available for PCI devices
[    0.000000] Booting paravirtualized kernel on KVM
[    0.000000] clocksource: refined-jiffies: mask: 0xffffffff max_cycles: 0xffffffff, max_idle_ns: 7645519600211568 ns
[    0.000000] random: get_random_bytes called from start_kernel+0x99/0x4fd with crng_init=0
[    0.000000] setup_percpu: NR_CPUS:8192 nr_cpumask_bits:2 nr_cpu_ids:2 nr_node_ids:1
[    0.000000] percpu: Embedded 46 pages/cpu @        (ptrval) s151552 r8192 d28672 u1048576
[    0.000000] PV qspinlock hash table entries: 256 (order: 0, 4096 bytes)
[    0.000000] Built 1 zonelists, mobility grouping on.  Total pages: 257913
[    0.000000] Policy zone: DMA32
[    0.000000] Kernel command line: BOOT_IMAGE=/boot/vmlinuz-4.15.0-51-generic root=LABEL=cloudimg-rootfs ro console=tty1 console=ttyS0
[    0.000000] Memory: 983460K/1048120K available (12300K kernel code, 2473K rwdata, 4272K rodata, 2408K init, 2416K bss, 64660K reserved, 0K cma-reserved)
[    0.000000] SLUB: HWalign=64, Order=0-3, MinObjects=0, CPUs=2, Nodes=1
[    0.000000] Kernel/User page tables isolation: enabled
[    0.000000] ftrace: allocating 39215 entries in 154 pages
[    0.004000] Hierarchical RCU implementation.
[    0.004000] 	RCU restricting CPUs from NR_CPUS=8192 to nr_cpu_ids=2.
[    0.004000] 	Tasks RCU enabled.
[    0.004000] RCU: Adjusting geometry for rcu_fanout_leaf=16, nr_cpu_ids=2
[    0.004000] NR_IRQS: 524544, nr_irqs: 440, preallocated irqs: 16
[    0.004000] Console: colour VGA+ 80x25
[    0.004000] console [tty1] enabled
[    0.004000] console [ttyS0] enabled
[    0.004000] ACPI: Core revision 20170831
[    0.004000] ACPI: 2 ACPI AML tables successfully acquired and loaded
[    0.004000] APIC: Switch to symmetric I/O mode setup
[    0.004000] x2apic enabled
[    0.004000] Switched APIC routing to physical x2apic.
[    0.004000] ..TIMER: vector=0x30 apic1=0 pin1=2 apic2=-1 pin2=-1
[    0.004004] tsc: Detected 2711.998 MHz processor
[    0.004821] Calibrating delay loop (skipped) preset value.. 5423.99 BogoMIPS (lpj=10847992)
[    0.005342] pid_max: default: 32768 minimum: 301
[    0.006287] Security Framework initialized
[    0.008005] Yama: becoming mindful.
[    0.008740] AppArmor: AppArmor initialized
[    0.011056] Dentry cache hash table entries: 131072 (order: 8, 1048576 bytes)
[    0.012077] Inode-cache hash table entries: 65536 (order: 7, 524288 bytes)
[    0.013269] Mount-cache hash table entries: 2048 (order: 2, 16384 bytes)
[    0.014410] Mountpoint-cache hash table entries: 2048 (order: 2, 16384 bytes)
[    0.016237] mce: CPU supports 0 MCE banks
[    0.016995] Last level iTLB entries: 4KB 64, 2MB 8, 4MB 8
[    0.017946] Last level dTLB entries: 4KB 64, 2MB 0, 4MB 0, 1GB 4
[    0.020003] Spectre V2 : Mitigation: Full generic retpoline
[    0.020973] Spectre V2 : Spectre v2 / SpectreRSB mitigation: Filling RSB on context switch
[    0.022469] Speculative Store Bypass: Vulnerable
[    0.023376] MDS: Mitigation: Clear CPU buffers
[    0.024110] Freeing SMP alternatives memory: 36K
[    0.028000] smpboot: CPU0: Intel(R) Core(TM) i5-7300U CPU @ 2.60GHz (family: 0x6, model: 0x8e, stepping: 0x9)
[    0.028000] Performance Events: unsupported p6 CPU model 142 no PMU driver, software events only.
[    0.028000] Hierarchical SRCU implementation.
[    0.028048] NMI watchdog: Perf event create on CPU 0 failed with -2
[    0.029046] NMI watchdog: Perf NMI watchdog permanently disabled
[    0.029982] smp: Bringing up secondary CPUs ...
[    0.030763] x86: Booting SMP configuration:
[    0.031417] .... node  #0, CPUs:      #1
[    0.004000] kvm-clock: cpu 1, msr 0:3ff44041, secondary cpu clock
[    0.004000] mce: CPU supports 0 MCE banks
[    0.035662] smp: Brought up 1 node, 2 CPUs
[    0.036029] smpboot: Max logical packages: 1
[    0.037185] smpboot: Total of 2 processors activated (10847.99 BogoMIPS)
[    0.038290] devtmpfs: initialized
[    0.038290] x86/mm: Memory block size: 128MB
[    0.040120] evm: security.selinux
[    0.040576] evm: security.SMACK64
[    0.041037] evm: security.SMACK64EXEC
[    0.041570] evm: security.SMACK64TRANSMUTE
[    0.042146] evm: security.SMACK64MMAP
[    0.042704] evm: security.apparmor
[    0.043269] evm: security.ima
[    0.044003] evm: security.capability
[    0.044617] clocksource: jiffies: mask: 0xffffffff max_cycles: 0xffffffff, max_idle_ns: 7645041785100000 ns
[    0.045323] futex hash table entries: 512 (order: 3, 32768 bytes)
[    0.046269] pinctrl core: initialized pinctrl subsystem
[    0.048134] RTC time:  3:01:58, date: 06/16/19
[    0.049054] NET: Registered protocol family 16
[    0.049794] audit: initializing netlink subsys (disabled)
[    0.050840] audit: type=2000 audit(1560654123.400:1): state=initialized audit_enabled=0 res=1
[    0.052086] cpuidle: using governor ladder
[    0.053033] cpuidle: using governor menu
[    0.053762] ACPI: bus type PCI registered
[    0.054412] acpiphp: ACPI Hot Plug PCI Controller Driver version: 0.5
[    0.056117] PCI: Using configuration type 1 for base access
[    0.057004] HugeTLB registered 2.00 MiB page size, pre-allocated 0 pages
[    0.060094] ACPI: Added _OSI(Module Device)
[    0.060853] ACPI: Added _OSI(Processor Device)
[    0.061642] ACPI: Added _OSI(3.0 _SCP Extensions)
[    0.062471] ACPI: Added _OSI(Processor Aggregator Device)
[    0.064003] ACPI: Added _OSI(Linux-Dell-Video)
[    0.064803] ACPI: Added _OSI(Linux-Lenovo-NV-HDMI-Audio)
[    0.065729] ACPI: Added _OSI(Linux-HPI-Hybrid-Graphics)
[    0.066933] ACPI: Executed 1 blocks of module-level executable AML code
[    0.073614] ACPI: Interpreter enabled
[    0.074283] ACPI: (supports S0 S5)
[    0.074824] ACPI: Using IOAPIC for interrupt routing
[    0.075987] PCI: Using host bridge windows from ACPI; if necessary, use "pci=nocrs" and report a bug
[    0.076168] ACPI: Enabled 2 GPEs in block 00 to 07
[    0.083826] ACPI: PCI Root Bridge [PCI0] (domain 0000 [bus 00-ff])
[    0.084044] acpi PNP0A03:00: _OSC: OS supports [ASPM ClockPM Segments MSI]
[    0.086464] acpi PNP0A03:00: _OSC: not requesting OS control; OS requires [ExtendedConfig ASPM ClockPM MSI]
[    0.088018] acpi PNP0A03:00: fail to add MMCONFIG information, can't access extended PCI configuration space under this bridge.
[    0.089963] PCI host bridge to bus 0000:00
[    0.090771] pci_bus 0000:00: root bus resource [io  0x0000-0x0cf7 window]
[    0.092005] pci_bus 0000:00: root bus resource [io  0x0d00-0xffff window]
[    0.093167] pci_bus 0000:00: root bus resource [mem 0x000a0000-0x000bffff window]
[    0.094330] pci_bus 0000:00: root bus resource [mem 0x40000000-0xfdffffff window]
[    0.096004] pci_bus 0000:00: root bus resource [bus 00-ff]
[    0.098642] pci 0000:00:01.1: legacy IDE quirk: reg 0x10: [io  0x01f0-0x01f7]
[    0.100004] pci 0000:00:01.1: legacy IDE quirk: reg 0x14: [io  0x03f6]
[    0.101434] pci 0000:00:01.1: legacy IDE quirk: reg 0x18: [io  0x0170-0x0177]
[    0.104007] pci 0000:00:01.1: legacy IDE quirk: reg 0x1c: [io  0x0376]
[    0.129347] pci 0000:00:07.0: quirk: [io  0x4000-0x403f] claimed by PIIX4 ACPI
[    0.130513] pci 0000:00:07.0: quirk: [io  0x4100-0x410f] claimed by PIIX4 SMB
[    0.143313] ACPI: PCI Interrupt Link [LNKA] (IRQs 5 9 10 *11)
[    0.144311] ACPI: PCI Interrupt Link [LNKB] (IRQs 5 9 *10 11)
[    0.145424] ACPI: PCI Interrupt Link [LNKC] (IRQs 5 *9 10 11)
[    0.146536] ACPI: PCI Interrupt Link [LNKD] (IRQs 5 9 10 *11)
[    0.148392] SCSI subsystem initialized
[    0.149172] pci 0000:00:02.0: vgaarb: setting as boot VGA device
[    0.149172] pci 0000:00:02.0: vgaarb: VGA device added: decodes=io+mem,owns=io+mem,locks=none
[    0.152028] pci 0000:00:02.0: vgaarb: bridge control possible
[    0.153693] vgaarb: loaded
[    0.154338] ACPI: bus type USB registered
[    0.156068] usbcore: registered new interface driver usbfs
[    0.156990] usbcore: registered new interface driver hub
[    0.157787] usbcore: registered new device driver usb
[    0.158608] EDAC MC: Ver: 3.0.0
[    0.158608] PCI: Using ACPI for IRQ routing
[    0.160250] NetLabel: Initializing
[    0.160806] NetLabel:  domain hash size = 128
[    0.161469] NetLabel:  protocols = UNLABELED CIPSOv4 CALIPSO
[    0.162309] NetLabel:  unlabeled traffic allowed by default
[    0.163294] clocksource: Switched to clocksource kvm-clock
[    0.175187] VFS: Disk quotas dquot_6.6.0
[    0.176006] VFS: Dquot-cache hash table entries: 512 (order 0, 4096 bytes)
[    0.177905] AppArmor: AppArmor Filesystem Enabled
[    0.178840] pnp: PnP ACPI init
[    0.180363] pnp: PnP ACPI: found 3 devices
[    0.191143] clocksource: acpi_pm: mask: 0xffffff max_cycles: 0xffffff, max_idle_ns: 2085701024 ns
[    0.192645] NET: Registered protocol family 2
[    0.194091] TCP established hash table entries: 8192 (order: 4, 65536 bytes)
[    0.195146] TCP bind hash table entries: 8192 (order: 5, 131072 bytes)
[    0.196144] TCP: Hash tables configured (established 8192 bind 8192)
[    0.197191] UDP hash table entries: 512 (order: 2, 16384 bytes)
[    0.198502] UDP-Lite hash table entries: 512 (order: 2, 16384 bytes)
[    0.200072] NET: Registered protocol family 1
[    0.201072] pci 0000:00:00.0: Limiting direct PCI/PCI transfers
[    0.202109] pci 0000:00:01.0: Activating ISA DMA hang workarounds
[    0.203052] pci 0000:00:02.0: Video device with shadowed ROM at [mem 0x000c0000-0x000dffff]
[    0.204394] Unpacking initramfs...
[    0.512074] Freeing initrd memory: 19124K
[    0.512945] clocksource: tsc: mask: 0xffffffffffffffff max_cycles: 0x27178451938, max_idle_ns: 440795251172 ns
[    0.515175] platform rtc_cmos: registered platform RTC device (no PNP device found)
[    0.517188] Scanning for low memory corruption every 60 seconds
[    0.518715] Initialise system trusted keyrings
[    0.519419] Key type blacklist registered
[    0.520105] workingset: timestamp_bits=36 max_order=18 bucket_order=0
[    0.522152] zbud: loaded
[    0.523153] squashfs: version 4.0 (2009/01/31) Phillip Lougher
[    0.524410] fuse init (API version 7.26)
[    0.527059] Key type asymmetric registered
[    0.527889] Asymmetric key parser 'x509' registered
[    0.528880] Block layer SCSI generic (bsg) driver version 0.4 loaded (major 246)
[    0.530342] io scheduler noop registered
[    0.531479] io scheduler deadline registered
[    0.532757] io scheduler cfq registered (default)
[    0.534308] ACPI: AC Adapter [AC] (off-line)
[    0.535011] input: Power Button as /devices/LNXSYSTM:00/LNXPWRBN:00/input/input0
[    0.536250] ACPI: Power Button [PWRF]
[    0.536941] input: Sleep Button as /devices/LNXSYSTM:00/LNXSLPBN:00/input/input1
[    0.538088] ACPI: Sleep Button [SLPF]
[    0.539801] ACPI: Battery Slot [BAT0] (battery present)
[    0.540687] Serial: 8250/16550 driver, 32 ports, IRQ sharing enabled
[    0.561941] 00:02: ttyS0 at I/O 0x3f8 (irq = 4, base_baud = 115200) is a 16550A
[    0.568571] Linux agpgart interface v0.103
[    0.570368] loop: module loaded
[    0.571584] scsi host0: ata_piix
[    0.572343] scsi host1: ata_piix
[    0.572986] ata1: PATA max UDMA/33 cmd 0x1f0 ctl 0x3f6 bmdma 0xd000 irq 14
[    0.574138] ata2: PATA max UDMA/33 cmd 0x170 ctl 0x376 bmdma 0xd008 irq 15
[    0.575486] libphy: Fixed MDIO Bus: probed
[    0.576184] tun: Universal TUN/TAP device driver, 1.6
[    0.577217] PPP generic driver version 2.4.2
[    0.577997] ehci_hcd: USB 2.0 'Enhanced' Host Controller (EHCI) Driver
[    0.578951] ehci-pci: EHCI PCI platform driver
[    0.579630] ehci-platform: EHCI generic platform driver
[    0.580744] ohci_hcd: USB 1.1 'Open' Host Controller (OHCI) Driver
[    0.582653] ohci-pci: OHCI PCI platform driver
[    0.583838] ohci-platform: OHCI generic platform driver
[    0.584913] uhci_hcd: USB Universal Host Controller Interface driver
[    0.585897] i8042: PNP: PS/2 Controller [PNP0303:PS2K,PNP0f03:PS2M] at 0x60,0x64 irq 1,12
[    0.587559] serio: i8042 KBD port at 0x60,0x64 irq 1
[    0.588349] serio: i8042 AUX port at 0x60,0x64 irq 12
[    0.589192] mousedev: PS/2 mouse device common for all mice
[    0.590233] input: AT Translated Set 2 keyboard as /devices/platform/i8042/serio0/input/input2
[    0.591831] rtc_cmos rtc_cmos: rtc core: registered rtc_cmos as rtc0
[    0.593034] rtc_cmos rtc_cmos: alarms up to one day, 114 bytes nvram
[    0.594167] i2c /dev entries driver
[    0.594944] device-mapper: uevent: version 1.0.3
[    0.595879] device-mapper: ioctl: 4.37.0-ioctl (2017-09-20) initialised: dm-devel@redhat.com
[    0.597944] ledtrig-cpu: registered to indicate activity on CPUs
[    0.600849] NET: Registered protocol family 10
[    0.605559] Segment Routing with IPv6
[    0.606315] NET: Registered protocol family 17
[    0.607167] Key type dns_resolver registered
[    0.608143] RAS: Correctable Errors collector initialized.
[    0.609154] sched_clock: Marking stable (608067100, 0)->(895431873, -287364773)
[    0.610839] registered taskstats version 1
[    0.611678] Loading compiled-in X.509 certificates
[    0.616442] Loaded X.509 cert 'Build time autogenerated kernel key: c1fa4cde9d34780ae4ae655b856adc042b663c06'
[    0.618403] zswap: loaded using pool lzo/zbud
[    0.622345] Key type big_key registered
[    0.623015] Key type trusted registered
[    0.625486] Key type encrypted registered
[    0.626247] AppArmor: AppArmor sha1 policy hashing enabled
[    0.627215] ima: No TPM chip found, activating TPM-bypass! (rc=-19)
[    0.628347] ima: Allocated hash algorithm: sha1
[    0.629190] evm: HMAC attrs: 0x1
[    0.629998]   Magic number: 7:478:7
[    0.631112] rtc_cmos rtc_cmos: setting system clock to 2019-06-16 03:01:59 UTC (1560654119)
[    0.633786] BIOS EDD facility v0.16 2004-Jun-25, 0 devices found
[    0.634875] EDD information not available.
[    0.742383] Freeing unused kernel image memory: 2408K
[    0.756130] Write protecting the kernel read-only data: 20480k
[    0.758744] Freeing unused kernel image memory: 2008K
[    0.760728] Freeing unused kernel image memory: 1872K
[    0.775700] x86/mm: Checked W+X mappings: passed, no W+X pages found.
[    0.777689] x86/mm: Checking user space page tables
[    0.791038] x86/mm: Checked W+X mappings: passed, no W+X pages found.
Loading, please wait...
starting version 237
[    0.955289] e1000: Intel(R) PRO/1000 Network Driver - version 7.3.21-k8-NAPI
[    0.957664] e1000: Copyright (c) 1999-2006 Intel Corporation.
[    0.997509] Fusion MPT base driver 3.04.20
[    1.001000] Copyright (c) 1999-2008 LSI Corporation
[    1.027313] AVX2 version of gcm_enc/dec engaged.
[    1.029818] AES CTR mode by8 optimization enabled
[    1.043745] Fusion MPT SPI Host driver 3.04.20
[    1.223068] input: ImExPS/2 Generic Explorer Mouse as /devices/platform/i8042/serio1/input/input4
[    1.543826] e1000 0000:00:03.0 eth0: (PCI:33MHz:32-bit) 02:44:a0:33:03:e1
[    1.545801] e1000 0000:00:03.0 eth0: Intel(R) PRO/1000 Network Connection
[    1.549977] mptbase: ioc0: Initiating bringup
[    1.553096] e1000 0000:00:03.0 enp0s3: renamed from eth0
[    1.665556] ioc0: LSI53C1030 A0: Capabilities={Initiator}
[    2.878287] scsi host2: ioc0: LSI53C1030 A0, FwRev=00000000h, Ports=1, MaxQ=256, IRQ=20
[    3.146223] scsi 2:0:0:0: Direct-Access     VBOX     HARDDISK         1.0  PQ: 0 ANSI: 5
[    3.475140] scsi target2:0:0: Beginning Domain Validation
[    3.478206] scsi target2:0:0: Domain Validation skipping write tests
[    3.480798] scsi target2:0:0: Ending Domain Validation
[    3.483195] scsi target2:0:0: asynchronous
[    3.485133] scsi 2:0:1:0: Direct-Access     VBOX     HARDDISK         1.0  PQ: 0 ANSI: 5
[    3.945266] scsi target2:0:1: Beginning Domain Validation
[    3.951244] random: fast init done
[    3.953028] scsi target2:0:1: Domain Validation skipping write tests
[    3.955580] scsi target2:0:1: Ending Domain Validation
[    3.957814] scsi target2:0:1: asynchronous
[    3.968517] random: systemd-udevd: uninitialized urandom read (16 bytes read)
[    3.971458] random: systemd-udevd: uninitialized urandom read (16 bytes read)
[    3.974201] random: systemd-udevd: uninitialized urandom read (16 bytes read)
[    3.977638] sd 2:0:0:0: [sda] 20971520 512-byte logical blocks: (10.7 GB/10.0 GiB)
[    3.981948] sd 2:0:0:0: [sda] Write Protect is off
[    3.983991] sd 2:0:0:0: Attached scsi generic sg0 type 0
[    3.986374] sd 2:0:0:0: [sda] Incomplete mode parameter data
[    3.988554] sd 2:0:0:0: [sda] Assuming drive cache: write through
[    3.991627] sd 2:0:1:0: [sdb] 20480 512-byte logical blocks: (10.5 MB/10.0 MiB)
[    3.994919] sd 2:0:1:0: [sdb] Write Protect is off
[    3.996543] sd 2:0:1:0: Attached scsi generic sg1 type 0
[    3.999637] sd 2:0:1:0: [sdb] Incomplete mode parameter data
[    4.001810] sd 2:0:1:0: [sdb] Assuming drive cache: write through
[    4.005300]  sda: sda1
[    4.009134] sd 2:0:0:0: [sda] Attached SCSI disk
[    4.009335] sd 2:0:1:0: [sdb] Attached SCSI disk
Begin: Loading essential drivers ... [    6.549019] raid6: sse2x1   gen() 10107 MB/s
[    6.596424] raid6: sse2x1   xor()  4591 MB/s
[    6.657475] raid6: sse2x2   gen() 11304 MB/s
[    6.704182] raid6: sse2x2   xor()  5179 MB/s
[    6.754923] raid6: sse2x4   gen()  9557 MB/s
[    6.800737] raid6: sse2x4   xor()  5142 MB/s
[    6.848268] raid6: avx2x1   gen() 10251 MB/s
[    6.904989] raid6: avx2x1   xor()  8163 MB/s
[    6.954985] raid6: avx2x2   gen() 14569 MB/s
[    7.000780] raid6: avx2x2   xor()  8805 MB/s
[    7.054974] raid6: avx2x4   gen() 20305 MB/s
[    7.105033] raid6: avx2x4   xor() 11612 MB/s
[    7.105776] raid6: using algorithm avx2x4 gen() 20305 MB/s
[    7.106572] raid6: .... xor() 11612 MB/s, rmw enabled
[    7.107313] raid6: using avx2x2 recovery algorithm
[    7.110544] xor: automatically using best checksumming function   avx       
[    7.113276] async_tx: api initialized (async)
done.
Begin: Running /scripts/init-premount ... done.
Begin: Mounting root file system ... Begin: Running /scripts/local-top ... done.
Begin: Running /scripts/local-premount ... [    7.184719] Btrfs loaded, crc32c=crc32c-intel
Scanning for Btrfs filesystems
done.
[    7.217538] random: crng init done
[    7.218666] random: 7 urandom warning(s) missed due to ratelimiting
Warning: fsck not present, so skipping root file system
[    7.232003] EXT4-fs (sda1): mounted filesystem with ordered data mode. Opts: (null)
done.
Begin: Running /scripts/local-bottom ... done.
Begin: Running /scripts/init-bottom ... done.
[    7.464172] ip_tables: (C) 2000-2006 Netfilter Core Team
[    7.531014] systemd[1]: systemd 237 running in system mode. (+PAM +AUDIT +SELINUX +IMA +APPARMOR +SMACK +SYSVINIT +UTMP +LIBCRYPTSETUP +GCRYPT +GNUTLS +ACL +XZ +LZ4 +SECCOMP +BLKID +ELFUTILS +KMOD -IDN2 +IDN -PCRE2 default-hierarchy=hybrid)
[    7.542577] systemd[1]: Detected virtualization oracle.
[    7.547554] systemd[1]: Detected architecture x86-64.

Welcome to [1mUbuntu 18.04.2 LTS[0m!

[    7.606056] systemd[1]: Set hostname to <ubuntu>.
[    7.647608] systemd[1]: Initializing machine ID from random generator.
[    7.650320] systemd[1]: Installed transient /etc/machine-id file.
[    8.026643] systemd[1]: Created slice User and Session Slice.
[[0;32m  OK  [0m] Created slice User and Session Slice.
[    8.030881] systemd[1]: Reached target User and Group Name Lookups.
[[0;32m  OK  [0m] Reached target User and Group Name Lookups.
[    8.036151] systemd[1]: Set up automount Arbitrary Executable File Formats File System Automount Point.
[[0;32m  OK  [0m] Set up automount Arbitrary Executab…rmats File System Automount Point.
[    8.080501] systemd[1]: Reached target Swap.
[[0;32m  OK  [0m] Reached target Swap.
[[0;32m  OK  [0m] Reached target System Time Synchronized.
[[0;32m  OK  [0m] Started Forward Password Requests to Wall Directory Watch.
[[0;32m  OK  [0m] Created slice System Slice.
[[0;32m  OK  [0m] Listening on LVM2 poll daemon socket.
[[0;32m  OK  [0m] Listening on LVM2 metadata daemon socket.
[[0;32m  OK  [0m] Listening on Syslog Socket.
[[0;32m  OK  [0m] Listening on /dev/initctl Compatibility Named Pipe.
[[0;32m  OK  [0m] Listening on Network Service Netlink Socket.
[[0;32m  OK  [0m] Listening on Journal Socket (/dev/log).
[[0;32m  OK  [0m] Listening on Device-mapper event daemon FIFOs.
[[0;32m  OK  [0m] Listening on Journal Audit Socket.
[[0;32m  OK  [0m] Reached target Slices.
[[0;32m  OK  [0m] Listening on udev Control Socket.
[[0;32m  OK  [0m] Listening on Journal Socket.
         Mounting POSIX Message Queue File System...
         Mounting Huge Pages File System...
         Starting Journal Service...
         Starting Load Kernel Modules...
         Mounting Kernel Debug File System...
         Starting Create list of required st…ce nodes for the current kernel...
         Starting Set the console keyboard layout...
         Starting Uncomplicated firewall...
         Starting Monitoring of LVM2 mirrors…ng dmeventd or progress polling...
         Starting Remount Root and Kernel File Systems...
[[0;32m  OK  [0m] Listening on udev Kernel Socket.
         Starting udev Coldplug all Devices...
[    8.387612] Loading iSCSI transport class v2.0-870.
[[0;32m  OK  [0m] Created slice system-serial\x2dgetty.slice.
[[0;32m  OK  [0m] Started Create list of required sta…vice nodes for the current kernel.
[[0;32m  OK  [0m] Started Uncomplicated firewall.
         Starting Create Static Device Nodes in /dev...
[[0;32m  OK  [0m] Mounted Kernel Debug File System.
[[0;32m  OK  [0m] Mounted POSIX Message Queue File System.
[[0;32m  OK  [0m] Mounted Huge Pages File System.
[    8.519368] iscsi: registered transport (tcp)
[[0;32m  OK  [0m] Started Journal Service.
[[0;32m  OK  [0m] Started Create Static Device Nodes in /dev.
[[0;32m  OK  [0m] Started LVM2 metadata daemon.
[    8.593220] EXT4-fs (sda1): re-mounted. Opts: (null)
[[0;32m  OK  [0m] Started Remount Root and Kernel File Systems.
         Starting Load/Save Random Seed...
         Starting udev Kernel Device Manager...
         Starting Flush Journal to Persistent Storage...
[[0;32m  OK  [0m] Started Load/Save Random Seed.
[[0;32m  OK  [0m] Started udev Coldplug all Devices.
[    8.719915] systemd-journald[383]: Received request to flush runtime journal from PID 1
[[0;32m  OK  [0m] Started Monitoring of LVM2 mirrors,…sing dmeventd or progress polling.
[[0;32m  OK  [0m] Started udev Kernel Device Manager.
[[0;32m  OK  [0m] Started Set the console keyboard layout.
[[0;32m  OK  [0m] Started Dispatch Password Requests to Console Directory Watch.
[[0;32m  OK  [0m] Reached target Local Encrypted Volumes.
[[0;32m  OK  [0m] Reached target Local File Systems (Pre).
[[0;32m  OK  [0m] Reached target Local File Systems.
         Starting Tell Plymouth To Write Out Runtime Data...
         Starting AppArmor initialization...
         Starting Commit a transient machine-id on disk...
         Starting ebtables ruleset management...
         Starting Set console font and keymap...
[[0;32m  OK  [0m] Started Flush Journal to Persistent Storage.
         Starting Create Volatile Files and Directories...
[[0;32m  OK  [0m] Started Tell Plymouth To Write Out Runtime Data.
[[0;32m  OK  [0m] Started Set console font and keymap.
[    8.994843] iscsi: registered transport (iser)
[[0;32m  OK  [0m] Started Load Kernel Modules.
         Mounting FUSE Control File System...
         Mounting Kernel Configuration File System...
         Starting Apply Kernel Variables...
[[0;32m  OK  [0m] Started Commit a transient machine-id on disk.
[[0;32m  OK  [0m] Mounted FUSE Control File System.
[[0;32m  OK  [0m] Started Create Volatile Files and Directories.
[[0;32m  OK  [0m] Mounted Kernel Configuration File System.
         Starting Update UTMP about System Boot/Shutdown...
[[0;32m  OK  [0m] Started Update UTMP about System Boot/Shutdown.
[[0;32m  OK  [0m] Started Apply Kernel Variables.
[[0;32m  OK  [0m] Started ebtables ruleset management.
[[0;32m  OK  [0m] Found device /dev/ttyS0.
[[0;32m  OK  [0m] Listening on Load/Save RF Kill Switch Status /dev/rfkill Watch.
[[0;32m  OK  [0m] Started AppArmor initialization.
         Starting Initial cloud-init job (pre-networking)...
[   11.761081] cloud-init[536]: Cloud-init v. 19.1-1-gbaa47854-0ubuntu1~18.04.1 running 'init-local' at Sun, 16 Jun 2019 03:02:10 +0000. Up 11.27 seconds.
[[0;32m  OK  [0m] Started Initial cloud-init job (pre-networking).
[[0;32m  OK  [0m] Reached target Network (Pre).
         Starting Network Service...
[[0;32m  OK  [0m] Started Network Service.
         Starting Wait for Network to be Configured...
         Starting Network Name Resolution...
[[0;32m  OK  [0m] Started Network Name Resolution.
[[0;32m  OK  [0m] Reached target Host and Network Name Lookups.
[[0;32m  OK  [0m] Reached target Network.
[[0;32m  OK  [0m] Started Wait for Network to be Configured.
         Starting Initial cloud-init job (metadata service crawler)...
[   13.953590] cloud-init[644]: Cloud-init v. 19.1-1-gbaa47854-0ubuntu1~18.04.1 running 'init' at Sun, 16 Jun 2019 03:02:12 +0000. Up 13.72 seconds.
[   13.962442] cloud-init[644]: ci-info: +++++++++++++++++++++++++++++++++++++Net device info++++++++++++++++++++++++++++++++++++++
[   13.964492] cloud-init[644]: ci-info: +--------+------+---------------------------+---------------+--------+-------------------+
[   13.966138] cloud-init[644]: ci-info: | Device |  Up  |          Address          |      Mask     | Scope  |     Hw-Address    |
[   13.977170] cloud-init[644]: ci-info: +--------+------+---------------------------+---------------+--------+-------------------+
[   13.979591] cloud-init[644]: ci-info: | enp0s3 | True |         10.0.2.15         | 255.255.255.0 | global | 02:44:a0:33:03:e1 |
[   13.982568] cloud-init[644]: ci-info: | enp0s3 | True | fe80::44:a0ff:fe33:3e1/64 |       .       |  link  | 02:44:a0:33:03:e1 |
[   13.984223] cloud-init[644]: ci-info: |   lo   | True |         127.0.0.1         |   255.0.0.0   |  host  |         .         |
[   13.985825] cloud-init[644]: ci-info: |   lo   | True |          ::1/128          |       .       |  host  |         .         |
[   13.987473] cloud-init[644]: ci-info: +--------+------+---------------------------+---------------+--------+-------------------+
[   13.989082] cloud-init[644]: ci-info: ++++++++++++++++++++++++++++Route IPv4 info+++++++++++++++++++++++++++++
[   13.991017] cloud-init[644]: ci-info: +-------+-------------+----------+-----------------+-----------+-------+
[   13.992910] cloud-init[644]: ci-info: | Route | Destination | Gateway  |     Genmask     | Interface | Flags |
[   13.994383] cloud-init[644]: ci-info: +-------+-------------+----------+-----------------+-----------+-------+
[   13.995879] cloud-init[644]: ci-info: |   0   |   0.0.0.0   | 10.0.2.2 |     0.0.0.0     |   enp0s3  |   UG  |
[   13.997256] cloud-init[644]: ci-info: |   1   |   10.0.2.0  | 0.0.0.0  |  255.255.255.0  |   enp0s3  |   U   |
[   13.998703] cloud-init[644]: ci-info: |   2   |   10.0.2.2  | 0.0.0.0  | 255.255.255.255 |   enp0s3  |   UH  |
[   14.000162] cloud-init[644]: ci-info: +-------+-------------+----------+-----------------+-----------+-------+
[   14.001590] cloud-init[644]: ci-info: +++++++++++++++++++Route IPv6 info+++++++++++++++++++
[   14.002606] cloud-init[644]: ci-info: +-------+-------------+---------+-----------+-------+
[   14.012279] cloud-init[644]: ci-info: | Route | Destination | Gateway | Interface | Flags |
[   14.014094] cloud-init[644]: ci-info: +-------+-------------+---------+-----------+-------+
[   14.024247] cloud-init[644]: ci-info: |   1   |  fe80::/64  |    ::   |   enp0s3  |   U   |
[   14.025337] cloud-init[644]: ci-info: |   3   |    local    |    ::   |   enp0s3  |   U   |
[   14.026296] cloud-init[644]: ci-info: |   4   |   ff00::/8  |    ::   |   enp0s3  |   U   |
[   14.040289] cloud-init[644]: ci-info: +-------+-------------+---------+-----------+-------+
[   14.819313] cloud-init[644]: Generating public/private rsa key pair.
[   14.820497] cloud-init[644]: Your identification has been saved in /etc/ssh/ssh_host_rsa_key.
[   14.821746] cloud-init[644]: Your public key has been saved in /etc/ssh/ssh_host_rsa_key.pub.
[   14.822967] cloud-init[644]: The key fingerprint is:
[   14.823770] cloud-init[644]: SHA256:8ttP+WiicK7dqpPgUJurJCLCJj/IiwpMRsAIjzbkFw4 root@ubuntu-bionic
[   14.825150] cloud-init[644]: The key's randomart image is:
[   14.825957] cloud-init[644]: +---[RSA 2048]----+
[   14.826630] cloud-init[644]: |*E .             |
[   14.827991] cloud-init[644]: |=+o .            |
[   14.828836] cloud-init[644]: |.=.o             |
[   14.829656] cloud-init[644]: |o o .            |
[   14.830467] cloud-init[644]: | o . o. S        |
[   14.831262] cloud-init[644]: |= . +  o     .   |
[   14.831996] cloud-init[644]: |O=.o o..o   o    |
[   14.832729] cloud-init[644]: |X=. o o= +...o   |
[   14.833477] cloud-init[644]: |+.+o  o+*oo+o .  |
[   14.834210] cloud-init[644]: +----[SHA256]-----+
[   14.834973] cloud-init[644]: Generating public/private dsa key pair.
[   14.835892] cloud-init[644]: Your identification has been saved in /etc/ssh/ssh_host_dsa_key.
[   14.837032] cloud-init[644]: Your public key has been saved in /etc/ssh/ssh_host_dsa_key.pub.
[   14.838107] cloud-init[644]: The key fingerprint is:
[   14.838734] cloud-init[644]: SHA256:TWSPaud+Bagc52r7sy7NCMsPIiiDF6hWAF6SF09JMZ8 root@ubuntu-bionic
[   14.848444] cloud-init[644]: The key's randomart image is:
[   14.849389] cloud-init[644]: +---[DSA 1024]----+
[   14.849961] cloud-init[644]: |...oo=o   o      |
[   14.865129] cloud-init[644]: |o.o.o.o .o o     |
[   14.865834] cloud-init[644]: | o.  . E  o..    |
[   14.895221] cloud-init[644]: | ..     .+o .    |
[   14.896043] cloud-init[644]: |. ..   .S=o  .   |
[   14.896793] cloud-init[644]: |o...  ..oo.   .  |
[   14.897534] cloud-init[644]: |*.o ...o =.  .   |
[   14.898215] cloud-init[644]: |oo . .o.=.+ .    |
[[0;32m  OK  [0m] Started Initial cloud-init job (metadata service crawler).
[[0;32m  OK  [0m] Reached target Cloud-config availability.
[[0;32m  OK  [0m] Reached target Network is Online.
[   14.919657] cloud-init[644]: |       oo==+     |
[   14.935168] cloud-init[644]: +----[SHA256]-----+
[   14.936465] cloud-init[644]: Generating public/private ecdsa key pair.
[   14.937628] cloud-init[644]: Your identification has been saved in /etc/ssh/ssh_host_ecdsa_key.
[   14.939885] cloud-init[644]: Your public key has been saved in /etc/ssh/ssh_host_ecdsa_key.pub.
[[0;32m  OK  [0m] Reached target Remote File Systems (Pre).
[[0;32m  OK  [0m] Reached target Remote File Systems.
[   14.951100] cloud-init[644]: The key fingerprint is:
[   14.953563] cloud-init[644]: SHA256:h0jyAAUPR7PYcwo9IukIwaXOkDlBYd8DEsBbFZcJNYA root@ubuntu-bionic
         Starting Availability of block devices...
[   14.955544] [[0;32m  OK  [0m] Reached target System Initialization.
cloud-init[644]: The key's randomart image is:
[   14.958238] cloud-init[644]: +---[ECDSA 256]---+
[   14.959272] cloud-init[[0;32m  OK  [0m] Started ACPI Events Check.
[[0;32m  OK  [0m] Reached target Paths.
[644]: |O*B*B==+o        |
[[0;32m  OK  [0m] Listening on Open-iSCSI iscsid Socket.
[   14.960856] cloud-init[644]: |.O+Eoo.o.        |
[[0;32m  OK  [0m] Listening on UUID daemon activation socket.
[[0;32m  OK  [0m] Listening on D-Bus System Message Bus Socket.
[[0;32m  OK  [0m] Started Daily Cleanup of Temporary Directories.
[   14.983519] cloud-init[644]: |O.*.Xoo          |
[   14.997912] cloud-init[644]: |B+ o X.. .       |
[   14.998585] cloud-init[644]: |.+  . o S .      |
[   14.999220] cloud-init[644]: |         .       |
[   14.999847] cloud-init[644]: |                 |
[   15.000486] cloud-init[644]: |                 |
[   15.001097] cloud-init[644]: |                 |
         Starting LXD - unix socket.
[   15.016673] [[0;32m  OK  [0m] Started Discard unused blocks once a week.
[[0;32m  OK  [0m] Listening on ACPID Listen Socket.
[[0;32m  OK  [0m] Started Message of the Day.
cloud-init[644]: +----[SHA256]-----+
         Starting Socket activation for snappy daemon.
[[0;32m  OK  [0m] Started Daily apt download activities.
[[0;32m  OK  [0m] Started Daily apt upgrade and clean activities.
[[0;32m  OK  [0m] Reached target Timers.
[[0;32m  OK  [0m] Started Availability of block devices.
[[0;32m  OK  [0m] Listening on LXD - unix socket.
[[0;32m  OK  [0m] Listening on Socket activation for snappy daemon.
[[0;32m  OK  [0m] Reached target Sockets.
[[0;32m  OK  [0m] Reached target Basic System.
[   15.019815] cloud-init[644]: Generating public/private ed25519 key pair.
         Starting Login Service...
[   15.043841] [[0;32m  OK  [0m] Started FUSE filesystem for LXC.
[[0;32m  OK  [0m] Started irqbalance daemon.
         Starting Pollinate to seed the pseudo random number generator...
cloud-init         Starting LSB: Record successful boot for GRUB...
[644]: Your identification has been saved in /etc/ssh/ssh_host_ed25519_key.         Starting Virtualbox guest utils...

[   15.051150] cloud-init[644]: Your public key has been saved in /etc/ssh/ssh_host_ed25519_key.pub.
[   15.052447] cloud-init[644]: The key fingerprint is:
[   15.053340] cloud-init[644]: SHA256:HgjE2m4+PtZQxaDMDldOIitui3H03OAw48YGhkF++OI root@ubuntu-bionic
[   15.054748] cloud-init[644]: The key's randomart image is:
[   15.055324] cloud-init[644]: +--[ED25519 256]--+
[   15.055399] cloud-init[644]: |o...o +o         |
[   15.055461] cloud-init[644]: |o..*.*  o        |
[   15.055520] cloud-init[644]: |++B+B ..         |
[   15.055590] cloud-init[644]: |o*+@.+..         |
         [   15.055648] Starting LSB: automatic crash report generation...cloud-init
[644]: |.+*o=.o S        |
[   15.066117] cloud-init[644]: |+=o +  . .       |
[   15.072229] cloud-init[644]: |.E o o  .        |
[[0;32m  OK  [0m] Started Regular background program processing daemon.
[   15.080761] cloud-init[644]: |    = .          |
         Starting Accounts Service...
         Starting Permit User Sessions...
[   15.086406] cloud-init[644]: |   o.o           |
[   15.088557] cloud-init[644]: +----[SHA256]-----+
         Starting Dispatcher daemon for systemd-networkd...
         Starting System Logging Service...
         Starting Snappy daemon...
[[0;32m  OK  [0m] Started Deferred execution scheduler.
[[0;32m  OK  [0m] Started D-Bus System Message Bus.
[[0;32m  OK  [0m] Started Login Service.
[[0;32m  OK  [0m] Started Unattended Upgrades Shutdown.
         Starting LXD - container startup/shutdown...
[[0;32m  OK  [0m] Started System Logging Service.
[[0;32m  OK  [0m] Started Permit User Sessions.
         Starting Hold until boot process finishes up...
         Starting Terminate Plymouth Boot Screen...
[[0;32m  OK  [0m] Started Hold until boot process finishes up.
         Starting Set console scheme...
[[0;32m  OK  [0m] Started Serial Getty on ttyS0.
[[0;32m  OK  [0m] Started Terminate Plymouth Boot Screen.
[[0;32m  OK  [0m] Started Set console scheme.
[[0;32m  OK  [0m] Created slice system-getty.slice.
[[0;32m  OK  [0m] Started Getty on tty1.
[[0;32m  OK  [0m] Reached target Login Prompts.
         Starting Authorization Manager...
[[0;32m  OK  [0m] Started LXD - container startup/shutdown.
[[0;32m  OK  [0m] Started LSB: automatic crash report generation.
[[0;32m  OK  [0m] Started LSB: Record successful boot for GRUB.
[[0;32m  OK  [0m] Started Authorization Manager.
[[0;32m  OK  [0m] Started Accounts Service.
[[0;32m  OK  [0m] Started Virtualbox guest utils.
[[0;32m  OK  [0m] Started Dispatcher daemon for systemd-networkd.
[[0;32m  OK  [0m] Started Snappy daemon.
         Starting Wait until snapd is fully seeded...
[[0;32m  OK  [0m] Started Pollinate to seed the pseudo random number generator.
         Starting OpenBSD Secure Shell server...
[[0;32m  OK  [0m] Started OpenBSD Secure Shell server.
[[0;32m  OK  [0m] Created slice User Slice of vagrant.
         Starting User Manager for UID 1000...
[[0;32m  OK  [0m] Started Session 1 of user vagrant.
[[0;32m  OK  [0m] Started User Manager for UID 1000.
[[0;32m  OK  [0m] Started Wait until snapd is fully seeded.
[[0;32m  OK  [0m] Reached target Multi-User System.
[[0;32m  OK  [0m] Reached target Graphical Interface.
         Starting Update UTMP about System Runlevel Changes...
         Starting Apply the settings specified in cloud-config...
[[0;32m  OK  [0m] Started Update UTMP about System Runlevel Changes.
[   19.624464] cloud-init[1152]: Cloud-init v. 19.1-1-gbaa47854-0ubuntu1~18.04.1 running 'modules:config' at Sun, 16 Jun 2019 03:02:17 +0000. Up 19.12 seconds.
[[0;32m  OK  [0m] Started Apply the settings specified in cloud-config.
         Starting Execute cloud user/final scripts...
ci-info: no authorized ssh keys fingerprints found for user ubuntu.
<14>Jun 16 03:02:19 ec2: 
<14>Jun 16 03:02:19 ec2: #############################################################
<14>Jun 16 03:02:19 ec2: -----BEGIN SSH HOST KEY FINGERPRINTS-----
<14>Jun 16 03:02:19 ec2: 1024 SHA256:TWSPaud+Bagc52r7sy7NCMsPIiiDF6hWAF6SF09JMZ8 root@ubuntu-bionic (DSA)
<14>Jun 16 03:02:19 ec2: 256 SHA256:h0jyAAUPR7PYcwo9IukIwaXOkDlBYd8DEsBbFZcJNYA root@ubuntu-bionic (ECDSA)
<14>Jun 16 03:02:19 ec2: 256 SHA256:HgjE2m4+PtZQxaDMDldOIitui3H03OAw48YGhkF++OI root@ubuntu-bionic (ED25519)
<14>Jun 16 03:02:19 ec2: 2048 SHA256:8ttP+WiicK7dqpPgUJurJCLCJj/IiwpMRsAIjzbkFw4 root@ubuntu-bionic (RSA)
<14>Jun 16 03:02:19 ec2: -----END SSH HOST KEY FINGERPRINTS-----
<14>Jun 16 03:02:19 ec2: #############################################################
-----BEGIN SSH HOST KEY KEYS-----
ecdsa-sha2-nistp256 AAAAE2VjZHNhLXNoYTItbmlzdHAyNTYAAAAIbmlzdHAyNTYAAABBBBQgPbjrOZ4YnpgGhupUot2D3oEPGcEVT5f3fcVK8t4mCg6B65tBKiaqXP0CBY7DuhcpAJ5ep9FfKiSVLDwE4rk= root@ubuntu-bionic
ssh-ed25519 AAAAC3NzaC1lZDI1NTE5AAAAIKode1n8LRQIU4YWRiwFweHE1RsV9IQfDAqa6jYea0Oj root@ubuntu-bionic
ssh-rsa AAAAB3NzaC1yc2EAAAADAQABAAABAQCdxUsiCS6KX6FfNK4AbaYTunoKrDL36asqOsKDh3Jsuk1v2XLj/dHdfE9cfl5pcDBomIZiN5n4DjY3vSZuQ2tzIuKpjZnZC+05+27mHknnuxTLred690OiuF8B3KJIzcaF2IXSpFPTge0DzRU32Nspg1LK2y+sgoC6NxcoGiRrqyqnfbXjGxVkPRqdZwAoqL4SEPWjG7KW0CLBq8Ia4Ki7TH3OZ5cLdpLs4q8HDqspNvq3sq/PHY1OLyCTNHbg94aKhCnm1ok3oqp8+VVASs58ycD8uyuMVuD/OPr439aSvRYhTKiYOywCmWpeHEzNrLDt0ryxa9PCE5oDqcaPsWWb root@ubuntu-bionic
-----END SSH HOST KEY KEYS-----
[   20.380293] cloud-init[1297]: Cloud-init v. 19.1-1-gbaa47854-0ubuntu1~18.04.1 running 'modules:final' at Sun, 16 Jun 2019 03:02:19 +0000. Up 20.17 seconds.
[   20.382108] cloud-init[1297]: ci-info: no authorized ssh keys fingerprints found for user ubuntu.
[   20.383319] cloud-init[1297]: Cloud-init v. 19.1-1-gbaa47854-0ubuntu1~18.04.1 finished at Sun, 16 Jun 2019 03:02:19 +0000. Datasource DataSourceNoCloud [seed=/dev/sdb][dsmode=net].  Up 20.36 seconds

Ubuntu 18.04.2 LTS ubuntu-bionic ttyS0

ubuntu-bionic login: [[0;32m  OK  [0m] Stopped target Graphical Interface.
         Stopping User Manager for UID 1000...
         Stopping Availability of block devices...
         Stopping Accounts Service...
[[0;32m  OK  [0m] Stopped target Timers.
[[0;32m  OK  [0m] Stopped Message of the Day.
[[0;32m  OK  [0m] Stopped Discard unused blocks once a week.
[[0;32m  OK  [0m] Stopped Daily apt upgrade and clean activities.
[[0;32m  OK  [0m] Closed Load/Save RF Kill Switch Status /dev/rfkill Watch.
[[0;32m  OK  [0m] Stopped target Cloud-init target.
[[0;32m  OK  [0m] Stopped Execute cloud user/final scripts.
[[0;32m  OK  [0m] Stopped target Multi-User System.
         Stopping LSB: Record successful boot for GRUB...
         Stopping Dispatcher daemon for systemd-networkd...
         Stopping D-Bus System Message Bus...
         Stopping irqbalance daemon...
         Stopping System Logging Service...
         Stopping FUSE filesystem for LXC...
         Stopping LSB: automatic crash report generation...
         Stopping Deferred execution scheduler...
         Stopping Unattended Upgrades Shutdown...
         Stopping OpenBSD Secure Shell server...
         Stopping Regular background program processing daemon...
         Stopping Virtualbox guest utils...
         Stopping LXD - container startup/shutdown...
[[0;32m  OK  [0m] Stopped target Login Prompts.
         Stopping Getty on tty1...
         Stopping Serial Getty on ttyS0...
         Stopping Getty on tty2...
[[0;32m  OK  [0m] Stopped Apply the settings specified in cloud-config.
[[0;32m  OK  [0m] Stopped target Network is Online.
[[0;32m  OK  [0m] Stopped target Cloud-config availability.
[[0;32m  OK  [0m] Stopped Daily apt download activities.
[[0;32m  OK  [0m] Stopped target System Time Synchronized.
         Stopping Session 8 of user vagrant.
[[0;32m  OK  [0m] Stopped Wait until snapd is fully seeded.
         Stopping Snappy daemon...
         Stopping Authorization Manager...
[[0;32m  OK  [0m] Stopped Daily Cleanup of Temporary Directories.
[[0;32m  OK  [0m] Stopped target Host and Network Name Lookups.
[[0;32m  OK  [0m] Unmounted /var/lib/lxcfs.
[[0;32m  OK  [0m] Stopped irqbalance daemon.
[[0;32m  OK  [0m] Stopped Regular background program processing daemon.
[[0;32m  OK  [0m] Stopped Accounts Service.
[[0;32m  OK  [0m] Stopped Dispatcher daemon for systemd-networkd.
[[0;32m  OK  [0m] Stopped System Logging Service.
[[0;32m  OK  [0m] Stopped Deferred execution scheduler.
[[0;32m  OK  [0m] Stopped Serial Getty on ttyS0.
[[0;32m  OK  [0m] Stopped Authorization Manager.
[[0;32m  OK  [0m] Stopped OpenBSD Secure Shell server.
[[0;32m  OK  [0m] Stopped Snappy daemon.
[[0;32m  OK  [0m] Stopped Getty on tty2.
[[0;32m  OK  [0m] Stopped Getty on tty1.
[[0;32m  OK  [0m] Stopped Unattended Upgrades Shutdown.
[[0;32m  OK  [0m] Stopped User Manager for UID 1000.
[[0;32m  OK  [0m] Stopped Availability of block devices.
[[0;32m  OK  [0m] Stopped D-Bus System Message Bus.
[[0;32m  OK  [0m] Stopped FUSE filesystem for LXC.
[[0;32m  OK  [0m] Stopped Session 8 of user vagrant.
[[0;32m  OK  [0m] Stopped LXD - container startup/shutdown.
[[0;32m  OK  [0m] Removed slice User Slice of vagrant.
         Stopping Login Service...
[[0;32m  OK  [0m] Removed slice system-getty.slice.
         Unmounting Mount unit for ponymix, revision 2...
         Unmounting Mount unit for core18, revision 970...
         Stopping Permit User Sessions...
[[0;32m  OK  [0m] Removed slice system-serial\x2dgetty.slice.
[[0;32m  OK  [0m] Stopped Permit User Sessions.
[[0;32m  OK  [0m] Stopped target Network.
         Stopping Network Name Resolution...
[[0;32m  OK  [0m] Unmounted Mount unit for ponymix, revision 2.
[[0;32m  OK  [0m] Stopped Network Name Resolution.
[[0;32m  OK  [0m] Stopped LSB: Record successful boot for GRUB.
[[0;32m  OK  [0m] Stopped Login Service.
[[0;32m  OK  [0m] Stopped LSB: automatic crash report generation.
[[0;32m  OK  [0m] Unmounted Mount unit for core18, revision 970.
[[0;32m  OK  [0m] Stopped target Remote File Systems.
[[0;32m  OK  [0m] Stopped target Remote File Systems (Pre).
[[0;32m  OK  [0m] Stopped target User and Group Name Lookups.
[[0;32m  OK  [0m] Stopped Virtualbox guest utils.
[[0;32m  OK  [0m] Stopped target Basic System.
[[0;32m  OK  [0m] Stopped target Slices.
[[0;32m  OK  [0m] Removed slice User and Session Slice.
[[0;32m  OK  [0m] Stopped target Sockets.
[[0;32m  OK  [0m] Closed UUID daemon activation socket.
[[0;32m  OK  [0m] Closed ACPID Listen Socket.
[[0;32m  OK  [0m] Closed Socket activation for snappy daemon.
[[0;32m  OK  [0m] Closed LXD - unix socket.
[[0;32m  OK  [0m] Closed Open-iSCSI iscsid Socket.
[[0;32m  OK  [0m] Closed Syslog Socket.
[[0;32m  OK  [0m] Closed D-Bus System Message Bus Socket.
[[0;32m  OK  [0m] Stopped target Paths.
[[0;32m  OK  [0m] Stopped ACPI Events Check.
[[0;32m  OK  [0m] Stopped target System Initialization.
[[0;32m  OK  [0m] Stopped Initial cloud-init job (metadata service crawler).
[[0;32m  OK  [0m] Stopped Wait for Network to be Configured.
         Stopping Network Service...
[[0;32m  OK  [0m] Stopped Commit a transient machine-id on disk.
         Stopping Load/Save Random Seed...
[[0;32m  OK  [0m] Stopped target Local Encrypted Volumes.
[[0;32m  OK  [0m] Stopped Dispatch Password Requests to Console Directory Watch.
[[0;32m  OK  [0m] Stopped Forward Password Requests to Wall Directory Watch.
         Stopping Update UTMP about System Boot/Shutdown...
[[0;32m  OK  [0m] Stopped Load/Save Random Seed.
[[0;32m  OK  [0m] Stopped Network Service.
[[0;32m  OK  [0m] Stopped Apply Kernel Variables.
[[0;32m  OK  [0m] Stopped Load Kernel Modules.
[[0;32m  OK  [0m] Stopped target Network (Pre).
[[0;32m  OK  [0m] Stopped Initial cloud-init job (pre-networking).
[[0;32m  OK  [0m] Stopped Update UTMP about System Boot/Shutdown.
[[0;32m  OK  [0m] Stopped Create Volatile Files and Directories.
[[0;32m  OK  [0m] Stopped target Local File Systems.
         Unmounting /run/user/1000...
         Unmounting /vagrant...
[[0;32m  OK  [0m] Unmounted /run/user/1000.
[[0;32m  OK  [0m] Stopped target Swap.
[[0;32m  OK  [0m] Unmounted /vagrant.
[[0;32m  OK  [0m] Reached target Unmount All Filesystems.
[[0;32m  OK  [0m] Stopped target Local File Systems (Pre).
[[0;32m  OK  [0m] Stopped Create Static Device Nodes in /dev.
         Stopping Monitoring of LVM2 mirrors…ng dmeventd or progress polling...
[[0;32m  OK  [0m] Stopped Remount Root and Kernel File Systems.
[[0;32m  OK  [0m] Reached target Shutdown.
[[0;32m  OK  [0m] Reached target Final Step.
         Starting Power-Off...
[ 4035.241546] reboot: Power down
